21:36:52,254; INFO;  org.correomqtt.FxApplication;JavaFX-Launcher;               ;CorreoMQTT version is 0.15.0
21:36:52,257; INFO;  org.correomqtt.FxApplication;JavaFX-Launcher;               ;JVM: Azul Systems, Inc. OpenJDK Runtime Environment 20.0.2+9
21:36:52,257; INFO;  org.correomqtt.FxApplication;JavaFX-Launcher;               ;JavaFX: 22-ea, Runtime: 22-ea+16
21:36:52,257; INFO;  org.correomqtt.FxApplication;JavaFX-Launcher;               ;OS: Linux 6.5.0-14-generic amd64
21:36:52,257; INFO;  org.correomqtt.FxApplication;JavaFX-Launcher;               ;ENV: sway 1920.0 x 1200.0 
21:36:52,453; INFO;4j.DefaultPluginStatusProvider;JavaFX-Launcher;               ;Enabled plugins: []
21:36:52,454; INFO;4j.DefaultPluginStatusProvider;JavaFX-Launcher;               ;Disabled plugins: []
21:36:52,458; INFO; org.pf4j.DefaultPluginManager;JavaFX-Launcher;               ;PF4J version 3.10.0 in 'deployment' mode
21:36:52,499; INFO;      org.correomqtt.MainApplication;JavaFX-Launcher;               ;Locale is: de_DE
21:36:52,514; INFO;org.pf4j.AbstractPluginManager;JavaFX-Launcher;               ;Plugin 'json-format-plugin@0.15.0' resolved
21:36:52,515; INFO;org.pf4j.AbstractPluginManager;JavaFX-Launcher;               ;Plugin 'xml-format-plugin@0.15.0' resolved
21:36:52,515; INFO;org.pf4j.AbstractPluginManager;JavaFX-Launcher;               ;Plugin 'save-manipulator-plugin@0.15.0' resolved
21:36:52,516; INFO;org.pf4j.AbstractPluginManager;JavaFX-Launcher;               ;Plugin 'base64-plugin@0.15.0' resolved
21:36:52,516; INFO;org.pf4j.AbstractPluginManager;JavaFX-Launcher;               ;Plugin 'advanced-validator-plugin@0.15.0' resolved
21:36:52,516; INFO;org.pf4j.AbstractPluginManager;JavaFX-Launcher;               ;Plugin 'contains-string-validator-plugin@0.15.0' resolved
21:36:52,517;ERROR;qtt.core.utils.VendorConstants;JavaFX-Launcher;               ;Override CORREO_DEFAULT_REPO_URL via ENV: null
21:36:52,523;ERROR;qtt.core.utils.VendorConstants;JavaFX-Launcher;               ;Override CORREO_BUNDLED_PLUGINS_URL via ENV: null
21:36:52,523; INFO;mqtt.core.plugin.PluginManager;JavaFX-Launcher;               ;Read bundled plugins 'https://github.com/EXXETA/correomqtt-pluginrepo/blob/master/bundled.json'
21:36:53,201; WARN;mqtt.core.plugin.PluginManager;JavaFX-Launcher;               ;Unable to load bundled plugin list from https://github.com/EXXETA/correomqtt-pluginrepo/blob/master/bundled.json.
21:36:53,202; INFO;ository.CorreoUpdateRepository;JavaFX-Launcher;               ;Read plugins of 'default' repository from 'https://github.com/EXXETA/correomqtt-pluginrepo/blob/master/default-repo.json'
21:36:53,496;ERROR;ository.CorreoUpdateRepository;JavaFX-Launcher;               ;Unable to read plugin repository 'https://github.com/EXXETA/correomqtt-pluginrepo/blob/master/default-repo.json'java.io.FileNotFoundException: https://github.com/EXXETA/correomqtt-pluginrepo/blob/master/default-repo.json
	at java.base/sun.net.www.protocol.http.HttpURLConnection.getInputStream0(HttpURLConnection.java:1976)
	at java.base/sun.net.www.protocol.http.HttpURLConnection.getInputStream(HttpURLConnection.java:1581)
	at java.base/sun.net.www.protocol.https.HttpsURLConnectionImpl.getInputStream(HttpsURLConnectionImpl.java:224)
	at java.base/java.net.URL.openStream(URL.java:1317)
	at com.fasterxml.jackson.core.TokenStreamFactory._optimizedStreamFromURL(TokenStreamFactory.java:262)
	at com.fasterxml.jackson.core.JsonFactory.createParser(JsonFactory.java:1115)
	at com.fasterxml.jackson.databind.ObjectMapper.readValue(ObjectMapper.java:3703)
	at org.correomqtt.core.plugin.repository.CorreoUpdateRepository.initPlugins(CorreoUpdateRepository.java:71)
	at org.correomqtt.core.plugin.repository.CorreoUpdateRepository.getPlugins(CorreoUpdateRepository.java:56)
	at org.pf4j.update.UpdateManager.getPluginsMap(UpdateManager.java:149)
	at org.pf4j.update.UpdateManager.hasPluginUpdate(UpdateManager.java:418)
	at org.pf4j.update.UpdateManager.getUpdates(UpdateManager.java:112)
	at org.correomqtt.gui.plugin.PluginLauncher.updateExisitingPlugins(PluginLauncher.java:123)
	at org.correomqtt.gui.plugin.PluginLauncher.updateSystem(PluginLauncher.java:54)
	at org.correomqtt.gui.plugin.PluginLauncher.start(PluginLauncher.java:40)
	at org.correomqtt.MainApplication.init(CorreoApp.java:128)
	at org.correomqtt.FxApplication.init(FxApplication.java:29)
	at javafx.graphics@22-ea/com.sun.javafx.application.LauncherImpl.launchApplication1(LauncherImpl.java:817)
	at javafx.graphics@22-ea/com.sun.javafx.application.LauncherImpl.lambda$launchApplication$2(LauncherImpl.java:196)
	at java.base/java.lang.Thread.run(Thread.java:1623)

21:36:53,499; INFO;mqtt.gui.plugin.PluginLauncher;JavaFX-Launcher;               ;Plugin Update: Updated(0), Installed(0), Uninstalled(0)
21:36:53,500; INFO;org.pf4j.AbstractPluginManager;JavaFX-Launcher;               ;Start plugin 'json-format-plugin@0.15.0'
21:36:53,502; INFO;org.pf4j.AbstractPluginManager;JavaFX-Launcher;               ;Start plugin 'xml-format-plugin@0.15.0'
21:36:53,502; INFO;org.pf4j.AbstractPluginManager;JavaFX-Launcher;               ;Start plugin 'save-manipulator-plugin@0.15.0'
21:36:53,503; INFO;org.pf4j.AbstractPluginManager;JavaFX-Launcher;               ;Start plugin 'base64-plugin@0.15.0'
21:36:53,503; INFO;org.pf4j.AbstractPluginManager;JavaFX-Launcher;               ;Start plugin 'advanced-validator-plugin@0.15.0'
21:36:53,503; INFO;org.pf4j.AbstractPluginManager;JavaFX-Launcher;               ;Start plugin 'contains-string-validator-plugin@0.15.0'
21:36:53,783; INFO;eomqtt.core.utils.VersionUtils;JavaFX-Launcher;               ;Version is up to date or newer! https://github.com/EXXETA/correomqtt/releases/latest
21:36:53,838; INFO;ns.transports.TransportBuilder;JavaFX-Launcher;               ;Using transport dbus-java-transport-native-unixsocket to connect to unix:path=/run/user/1000/bus
21:36:54,070; INFO;qtt.gui.keyring.KeyringManager;JavaFX-Launcher;               ;Configured keyring LibSecret found.
21:36:54,136; INFO;leprovider.SecretStoreProvider;JavaFX-Launcher;               ;Current password encryption is AES/GCM/NoPadding.
21:37:00,193; INFO;      org.correomqtt.MainApplication;lication Thread;               ;Main window closed. Initialize shutdown.
21:37:00,196; INFO;      org.correomqtt.MainApplication;lication Thread;               ;Saving global UI settings.
21:37:00,207; INFO;      org.correomqtt.MainApplication;lication Thread;               ;Saving connection UI settings.
21:37:00,207; INFO;      org.correomqtt.MainApplication;lication Thread;               ;Shutting down connections.
21:37:00,208; INFO;      org.correomqtt.MainApplication;lication Thread;               ;Shutting down plugins.
21:37:00,208; INFO;org.pf4j.AbstractPluginManager;lication Thread;               ;Stop plugin 'contains-string-validator-plugin@0.15.0'
21:37:00,208; INFO;org.pf4j.AbstractPluginManager;lication Thread;               ;Stop plugin 'advanced-validator-plugin@0.15.0'
21:37:00,208; INFO;org.pf4j.AbstractPluginManager;lication Thread;               ;Stop plugin 'base64-plugin@0.15.0'
21:37:00,209; INFO;org.pf4j.AbstractPluginManager;lication Thread;               ;Stop plugin 'save-manipulator-plugin@0.15.0'
21:37:00,209; INFO;org.pf4j.AbstractPluginManager;lication Thread;               ;Stop plugin 'xml-format-plugin@0.15.0'
21:37:00,209; INFO;org.pf4j.AbstractPluginManager;lication Thread;               ;Stop plugin 'json-format-plugin@0.15.0'
21:37:00,209; INFO;      org.correomqtt.MainApplication;lication Thread;               ;Shutting down application. Bye.
21:37:30,705; INFO;  org.correomqtt.FxApplication;JavaFX-Launcher;               ;CorreoMQTT version is 0.15.0
21:37:30,710; INFO;  org.correomqtt.FxApplication;JavaFX-Launcher;               ;JVM: Azul Systems, Inc. OpenJDK Runtime Environment 20.0.2+9
21:37:30,710; INFO;  org.correomqtt.FxApplication;JavaFX-Launcher;               ;JavaFX: 22-ea, Runtime: 22-ea+16
21:37:30,710; INFO;  org.correomqtt.FxApplication;JavaFX-Launcher;               ;OS: Linux 6.5.0-14-generic amd64
21:37:30,710; INFO;  org.correomqtt.FxApplication;JavaFX-Launcher;               ;ENV: sway 1920.0 x 1200.0 
21:37:30,892; INFO;4j.DefaultPluginStatusProvider;JavaFX-Launcher;               ;Enabled plugins: []
21:37:30,893; INFO;4j.DefaultPluginStatusProvider;JavaFX-Launcher;               ;Disabled plugins: []
21:37:30,897; INFO; org.pf4j.DefaultPluginManager;JavaFX-Launcher;               ;PF4J version 3.10.0 in 'deployment' mode
21:37:30,934; INFO;      org.correomqtt.MainApplication;JavaFX-Launcher;               ;Locale is: de_DE
21:37:30,946; INFO;org.pf4j.AbstractPluginManager;JavaFX-Launcher;               ;Plugin 'json-format-plugin@0.15.0' resolved
21:37:30,947; INFO;org.pf4j.AbstractPluginManager;JavaFX-Launcher;               ;Plugin 'xml-format-plugin@0.15.0' resolved
21:37:30,947; INFO;org.pf4j.AbstractPluginManager;JavaFX-Launcher;               ;Plugin 'save-manipulator-plugin@0.15.0' resolved
21:37:30,947; INFO;org.pf4j.AbstractPluginManager;JavaFX-Launcher;               ;Plugin 'base64-plugin@0.15.0' resolved
21:37:30,948; INFO;org.pf4j.AbstractPluginManager;JavaFX-Launcher;               ;Plugin 'advanced-validator-plugin@0.15.0' resolved
21:37:30,948; INFO;org.pf4j.AbstractPluginManager;JavaFX-Launcher;               ;Plugin 'contains-string-validator-plugin@0.15.0' resolved
21:37:30,950;ERROR;qtt.core.utils.VendorConstants;JavaFX-Launcher;               ;Override CORREO_DEFAULT_REPO_URL via ENV: null
21:37:30,954;ERROR;qtt.core.utils.VendorConstants;JavaFX-Launcher;               ;Override CORREO_BUNDLED_PLUGINS_URL via ENV: null
21:37:30,954; INFO;mqtt.core.plugin.PluginManager;JavaFX-Launcher;               ;Read bundled plugins 'https://github.com/EXXETA/correomqtt-pluginrepo/blob/master/bundled.json'
21:37:31,611; WARN;mqtt.core.plugin.PluginManager;JavaFX-Launcher;               ;Unable to load bundled plugin list from https://github.com/EXXETA/correomqtt-pluginrepo/blob/master/bundled.json.
21:37:31,612; INFO;ository.CorreoUpdateRepository;JavaFX-Launcher;               ;Read plugins of 'default' repository from 'https://github.com/EXXETA/correomqtt-pluginrepo/blob/master/default-repo.json'
21:37:31,926;ERROR;ository.CorreoUpdateRepository;JavaFX-Launcher;               ;Unable to read plugin repository 'https://github.com/EXXETA/correomqtt-pluginrepo/blob/master/default-repo.json'java.io.FileNotFoundException: https://github.com/EXXETA/correomqtt-pluginrepo/blob/master/default-repo.json
	at java.base/sun.net.www.protocol.http.HttpURLConnection.getInputStream0(HttpURLConnection.java:1976)
	at java.base/sun.net.www.protocol.http.HttpURLConnection.getInputStream(HttpURLConnection.java:1581)
	at java.base/sun.net.www.protocol.https.HttpsURLConnectionImpl.getInputStream(HttpsURLConnectionImpl.java:224)
	at java.base/java.net.URL.openStream(URL.java:1317)
	at com.fasterxml.jackson.core.TokenStreamFactory._optimizedStreamFromURL(TokenStreamFactory.java:262)
	at com.fasterxml.jackson.core.JsonFactory.createParser(JsonFactory.java:1115)
	at com.fasterxml.jackson.databind.ObjectMapper.readValue(ObjectMapper.java:3703)
	at org.correomqtt.core.plugin.repository.CorreoUpdateRepository.initPlugins(CorreoUpdateRepository.java:71)
	at org.correomqtt.core.plugin.repository.CorreoUpdateRepository.getPlugins(CorreoUpdateRepository.java:56)
	at org.pf4j.update.UpdateManager.getPluginsMap(UpdateManager.java:149)
	at org.pf4j.update.UpdateManager.hasPluginUpdate(UpdateManager.java:418)
	at org.pf4j.update.UpdateManager.getUpdates(UpdateManager.java:112)
	at org.correomqtt.gui.plugin.PluginLauncher.updateExisitingPlugins(PluginLauncher.java:123)
	at org.correomqtt.gui.plugin.PluginLauncher.updateSystem(PluginLauncher.java:54)
	at org.correomqtt.gui.plugin.PluginLauncher.start(PluginLauncher.java:40)
	at org.correomqtt.MainApplication.init(CorreoApp.java:128)
	at org.correomqtt.FxApplication.init(FxApplication.java:29)
	at javafx.graphics@22-ea/com.sun.javafx.application.LauncherImpl.launchApplication1(LauncherImpl.java:817)
	at javafx.graphics@22-ea/com.sun.javafx.application.LauncherImpl.lambda$launchApplication$2(LauncherImpl.java:196)
	at java.base/java.lang.Thread.run(Thread.java:1623)

21:37:31,929; INFO;mqtt.gui.plugin.PluginLauncher;JavaFX-Launcher;               ;Plugin Update: Updated(0), Installed(0), Uninstalled(0)
21:37:31,930; INFO;org.pf4j.AbstractPluginManager;JavaFX-Launcher;               ;Start plugin 'json-format-plugin@0.15.0'
21:37:31,932; INFO;org.pf4j.AbstractPluginManager;JavaFX-Launcher;               ;Start plugin 'xml-format-plugin@0.15.0'
21:37:31,933; INFO;org.pf4j.AbstractPluginManager;JavaFX-Launcher;               ;Start plugin 'save-manipulator-plugin@0.15.0'
21:37:31,934; INFO;org.pf4j.AbstractPluginManager;JavaFX-Launcher;               ;Start plugin 'base64-plugin@0.15.0'
21:37:31,935; INFO;org.pf4j.AbstractPluginManager;JavaFX-Launcher;               ;Start plugin 'advanced-validator-plugin@0.15.0'
21:37:31,935; INFO;org.pf4j.AbstractPluginManager;JavaFX-Launcher;               ;Start plugin 'contains-string-validator-plugin@0.15.0'
21:37:32,351; INFO;eomqtt.core.utils.VersionUtils;JavaFX-Launcher;               ;Version is up to date or newer! https://github.com/EXXETA/correomqtt/releases/latest
21:37:32,407; INFO;ns.transports.TransportBuilder;JavaFX-Launcher;               ;Using transport dbus-java-transport-native-unixsocket to connect to unix:path=/run/user/1000/bus
21:37:32,539; INFO;qtt.gui.keyring.KeyringManager;JavaFX-Launcher;               ;Configured keyring LibSecret found.
21:37:32,607; INFO;leprovider.SecretStoreProvider;JavaFX-Launcher;               ;Current password encryption is AES/GCM/NoPadding.
21:37:37,592; INFO;      org.correomqtt.MainApplication;lication Thread;               ;Main window closed. Initialize shutdown.
21:37:37,593; INFO;      org.correomqtt.MainApplication;lication Thread;               ;Saving global UI settings.
21:37:37,600; INFO;      org.correomqtt.MainApplication;lication Thread;               ;Saving connection UI settings.
21:37:37,601; INFO;      org.correomqtt.MainApplication;lication Thread;               ;Shutting down connections.
21:37:37,601; INFO;      org.correomqtt.MainApplication;lication Thread;               ;Shutting down plugins.
21:37:37,602; INFO;org.pf4j.AbstractPluginManager;lication Thread;               ;Stop plugin 'contains-string-validator-plugin@0.15.0'
21:37:37,602; INFO;org.pf4j.AbstractPluginManager;lication Thread;               ;Stop plugin 'advanced-validator-plugin@0.15.0'
21:37:37,602; INFO;org.pf4j.AbstractPluginManager;lication Thread;               ;Stop plugin 'base64-plugin@0.15.0'
21:37:37,602; INFO;org.pf4j.AbstractPluginManager;lication Thread;               ;Stop plugin 'save-manipulator-plugin@0.15.0'
21:37:37,602; INFO;org.pf4j.AbstractPluginManager;lication Thread;               ;Stop plugin 'xml-format-plugin@0.15.0'
21:37:37,602; INFO;org.pf4j.AbstractPluginManager;lication Thread;               ;Stop plugin 'json-format-plugin@0.15.0'
21:37:37,602; INFO;      org.correomqtt.MainApplication;lication Thread;               ;Shutting down application. Bye.
21:38:44,188; INFO;  org.correomqtt.FxApplication;JavaFX-Launcher;               ;CorreoMQTT version is 0.15.0
21:38:44,192; INFO;  org.correomqtt.FxApplication;JavaFX-Launcher;               ;JVM: Azul Systems, Inc. OpenJDK Runtime Environment 20.0.2+9
21:38:44,192; INFO;  org.correomqtt.FxApplication;JavaFX-Launcher;               ;JavaFX: 22-ea, Runtime: 22-ea+16
21:38:44,193; INFO;  org.correomqtt.FxApplication;JavaFX-Launcher;               ;OS: Linux 6.5.0-14-generic amd64
21:38:44,193; INFO;  org.correomqtt.FxApplication;JavaFX-Launcher;               ;ENV: sway 1920.0 x 1200.0 
21:38:44,371; INFO;4j.DefaultPluginStatusProvider;JavaFX-Launcher;               ;Enabled plugins: []
21:38:44,372; INFO;4j.DefaultPluginStatusProvider;JavaFX-Launcher;               ;Disabled plugins: []
21:38:44,376; INFO; org.pf4j.DefaultPluginManager;JavaFX-Launcher;               ;PF4J version 3.10.0 in 'deployment' mode
21:38:44,419; INFO;      org.correomqtt.MainApplication;JavaFX-Launcher;               ;Locale is: de_DE
21:38:44,436; INFO;org.pf4j.AbstractPluginManager;JavaFX-Launcher;               ;Plugin 'json-format-plugin@0.15.0' resolved
21:38:44,437; INFO;org.pf4j.AbstractPluginManager;JavaFX-Launcher;               ;Plugin 'xml-format-plugin@0.15.0' resolved
21:38:44,437; INFO;org.pf4j.AbstractPluginManager;JavaFX-Launcher;               ;Plugin 'save-manipulator-plugin@0.15.0' resolved
21:38:44,437; INFO;org.pf4j.AbstractPluginManager;JavaFX-Launcher;               ;Plugin 'base64-plugin@0.15.0' resolved
21:38:44,437; INFO;org.pf4j.AbstractPluginManager;JavaFX-Launcher;               ;Plugin 'advanced-validator-plugin@0.15.0' resolved
21:38:44,437; INFO;org.pf4j.AbstractPluginManager;JavaFX-Launcher;               ;Plugin 'contains-string-validator-plugin@0.15.0' resolved
21:38:44,466;ERROR;qtt.core.utils.VendorConstants;JavaFX-Launcher;               ;Override CORREO_DEFAULT_REPO_URL via ENV: null
21:38:44,475;ERROR;qtt.core.utils.VendorConstants;JavaFX-Launcher;               ;Override CORREO_BUNDLED_PLUGINS_URL via ENV: null
21:38:44,475; INFO;mqtt.core.plugin.PluginManager;JavaFX-Launcher;               ;Read bundled plugins 'https://github.com/EXXETA/correomqtt-pluginrepo/blob/master/bundled.json'
21:38:45,165; WARN;mqtt.core.plugin.PluginManager;JavaFX-Launcher;               ;Unable to load bundled plugin list from https://github.com/EXXETA/correomqtt-pluginrepo/blob/master/bundled.json.
21:38:45,168; INFO;ository.CorreoUpdateRepository;JavaFX-Launcher;               ;Read plugins of 'default' repository from 'https://github.com/EXXETA/correomqtt-pluginrepo/blob/master/default-repo.json'
21:38:45,432;ERROR;ository.CorreoUpdateRepository;JavaFX-Launcher;               ;Unable to read plugin repository 'https://github.com/EXXETA/correomqtt-pluginrepo/blob/master/default-repo.json'java.io.FileNotFoundException: https://github.com/EXXETA/correomqtt-pluginrepo/blob/master/default-repo.json
	at java.base/sun.net.www.protocol.http.HttpURLConnection.getInputStream0(HttpURLConnection.java:1976)
	at java.base/sun.net.www.protocol.http.HttpURLConnection.getInputStream(HttpURLConnection.java:1581)
	at java.base/sun.net.www.protocol.https.HttpsURLConnectionImpl.getInputStream(HttpsURLConnectionImpl.java:224)
	at java.base/java.net.URL.openStream(URL.java:1317)
	at com.fasterxml.jackson.core.TokenStreamFactory._optimizedStreamFromURL(TokenStreamFactory.java:262)
	at com.fasterxml.jackson.core.JsonFactory.createParser(JsonFactory.java:1115)
	at com.fasterxml.jackson.databind.ObjectMapper.readValue(ObjectMapper.java:3703)
	at org.correomqtt.core.plugin.repository.CorreoUpdateRepository.initPlugins(CorreoUpdateRepository.java:71)
	at org.correomqtt.core.plugin.repository.CorreoUpdateRepository.getPlugins(CorreoUpdateRepository.java:56)
	at org.pf4j.update.UpdateManager.getPluginsMap(UpdateManager.java:149)
	at org.pf4j.update.UpdateManager.hasPluginUpdate(UpdateManager.java:418)
	at org.pf4j.update.UpdateManager.getUpdates(UpdateManager.java:112)
	at org.correomqtt.gui.plugin.PluginLauncher.updateExisitingPlugins(PluginLauncher.java:123)
	at org.correomqtt.gui.plugin.PluginLauncher.updateSystem(PluginLauncher.java:54)
	at org.correomqtt.gui.plugin.PluginLauncher.start(PluginLauncher.java:40)
	at org.correomqtt.MainApplication.init(CorreoApp.java:128)
	at org.correomqtt.FxApplication.init(FxApplication.java:29)
	at javafx.graphics@22-ea/com.sun.javafx.application.LauncherImpl.launchApplication1(LauncherImpl.java:817)
	at javafx.graphics@22-ea/com.sun.javafx.application.LauncherImpl.lambda$launchApplication$2(LauncherImpl.java:196)
	at java.base/java.lang.Thread.run(Thread.java:1623)

21:38:45,434; INFO;mqtt.gui.plugin.PluginLauncher;JavaFX-Launcher;               ;Plugin Update: Updated(0), Installed(0), Uninstalled(0)
21:38:45,435; INFO;org.pf4j.AbstractPluginManager;JavaFX-Launcher;               ;Start plugin 'json-format-plugin@0.15.0'
21:38:45,437; INFO;org.pf4j.AbstractPluginManager;JavaFX-Launcher;               ;Start plugin 'xml-format-plugin@0.15.0'
21:38:45,437; INFO;org.pf4j.AbstractPluginManager;JavaFX-Launcher;               ;Start plugin 'save-manipulator-plugin@0.15.0'
21:38:45,438; INFO;org.pf4j.AbstractPluginManager;JavaFX-Launcher;               ;Start plugin 'base64-plugin@0.15.0'
21:38:45,438; INFO;org.pf4j.AbstractPluginManager;JavaFX-Launcher;               ;Start plugin 'advanced-validator-plugin@0.15.0'
21:38:45,439; INFO;org.pf4j.AbstractPluginManager;JavaFX-Launcher;               ;Start plugin 'contains-string-validator-plugin@0.15.0'
21:38:45,834; INFO;eomqtt.core.utils.VersionUtils;JavaFX-Launcher;               ;Version is up to date or newer! https://github.com/EXXETA/correomqtt/releases/latest
21:38:45,899; INFO;ns.transports.TransportBuilder;JavaFX-Launcher;               ;Using transport dbus-java-transport-native-unixsocket to connect to unix:path=/run/user/1000/bus
21:38:46,059; INFO;qtt.gui.keyring.KeyringManager;JavaFX-Launcher;               ;Configured keyring LibSecret found.
21:38:46,129; INFO;leprovider.SecretStoreProvider;JavaFX-Launcher;               ;Current password encryption is AES/GCM/NoPadding.
21:38:50,388; INFO;      org.correomqtt.MainApplication;lication Thread;               ;Main window closed. Initialize shutdown.
21:38:50,390; INFO;      org.correomqtt.MainApplication;lication Thread;               ;Saving global UI settings.
21:38:50,401; INFO;      org.correomqtt.MainApplication;lication Thread;               ;Saving connection UI settings.
21:38:50,402; INFO;      org.correomqtt.MainApplication;lication Thread;               ;Shutting down connections.
21:38:50,402; INFO;      org.correomqtt.MainApplication;lication Thread;               ;Shutting down plugins.
21:38:50,403; INFO;org.pf4j.AbstractPluginManager;lication Thread;               ;Stop plugin 'contains-string-validator-plugin@0.15.0'
21:38:50,403; INFO;org.pf4j.AbstractPluginManager;lication Thread;               ;Stop plugin 'advanced-validator-plugin@0.15.0'
21:38:50,403; INFO;org.pf4j.AbstractPluginManager;lication Thread;               ;Stop plugin 'base64-plugin@0.15.0'
21:38:50,403; INFO;org.pf4j.AbstractPluginManager;lication Thread;               ;Stop plugin 'save-manipulator-plugin@0.15.0'
21:38:50,404; INFO;org.pf4j.AbstractPluginManager;lication Thread;               ;Stop plugin 'xml-format-plugin@0.15.0'
21:38:50,404; INFO;org.pf4j.AbstractPluginManager;lication Thread;               ;Stop plugin 'json-format-plugin@0.15.0'
21:38:50,404; INFO;      org.correomqtt.MainApplication;lication Thread;               ;Shutting down application. Bye.
21:40:48,626; INFO;  org.correomqtt.FxApplication;JavaFX-Launcher;               ;CorreoMQTT version is 0.15.0
21:40:48,629; INFO;  org.correomqtt.FxApplication;JavaFX-Launcher;               ;JVM: Azul Systems, Inc. OpenJDK Runtime Environment 20.0.2+9
21:40:48,630; INFO;  org.correomqtt.FxApplication;JavaFX-Launcher;               ;JavaFX: 22-ea, Runtime: 22-ea+16
21:40:48,630; INFO;  org.correomqtt.FxApplication;JavaFX-Launcher;               ;OS: Linux 6.5.0-14-generic amd64
21:40:48,630; INFO;  org.correomqtt.FxApplication;JavaFX-Launcher;               ;ENV: sway 1920.0 x 1200.0 
21:40:48,820; INFO;4j.DefaultPluginStatusProvider;JavaFX-Launcher;               ;Enabled plugins: []
21:40:48,820; INFO;4j.DefaultPluginStatusProvider;JavaFX-Launcher;               ;Disabled plugins: []
21:40:48,824; INFO; org.pf4j.DefaultPluginManager;JavaFX-Launcher;               ;PF4J version 3.10.0 in 'deployment' mode
21:40:48,860; INFO;      org.correomqtt.MainApplication;JavaFX-Launcher;               ;Locale is: de_DE
21:40:48,872; INFO;org.pf4j.AbstractPluginManager;JavaFX-Launcher;               ;Plugin 'json-format-plugin@0.15.0' resolved
21:40:48,873; INFO;org.pf4j.AbstractPluginManager;JavaFX-Launcher;               ;Plugin 'xml-format-plugin@0.15.0' resolved
21:40:48,873; INFO;org.pf4j.AbstractPluginManager;JavaFX-Launcher;               ;Plugin 'save-manipulator-plugin@0.15.0' resolved
21:40:48,873; INFO;org.pf4j.AbstractPluginManager;JavaFX-Launcher;               ;Plugin 'base64-plugin@0.15.0' resolved
21:40:48,873; INFO;org.pf4j.AbstractPluginManager;JavaFX-Launcher;               ;Plugin 'advanced-validator-plugin@0.15.0' resolved
21:40:48,874; INFO;org.pf4j.AbstractPluginManager;JavaFX-Launcher;               ;Plugin 'contains-string-validator-plugin@0.15.0' resolved
21:40:48,889;ERROR;qtt.core.utils.VendorConstants;JavaFX-Launcher;               ;Override CORREO_DEFAULT_REPO_URL via ENV: null
21:40:48,894;ERROR;qtt.core.utils.VendorConstants;JavaFX-Launcher;               ;Override CORREO_BUNDLED_PLUGINS_URL via ENV: null
21:40:48,894; INFO;mqtt.core.plugin.PluginManager;JavaFX-Launcher;               ;Read bundled plugins 'https://github.com/EXXETA/correomqtt-pluginrepo/blob/master/bundled.json'
21:40:49,587; WARN;mqtt.core.plugin.PluginManager;JavaFX-Launcher;               ;Unable to load bundled plugin list from https://github.com/EXXETA/correomqtt-pluginrepo/blob/master/bundled.json.
21:40:49,588; INFO;ository.CorreoUpdateRepository;JavaFX-Launcher;               ;Read plugins of 'default' repository from 'https://github.com/EXXETA/correomqtt-pluginrepo/blob/master/default-repo.json'
21:40:49,889;ERROR;ository.CorreoUpdateRepository;JavaFX-Launcher;               ;Unable to read plugin repository 'https://github.com/EXXETA/correomqtt-pluginrepo/blob/master/default-repo.json'java.io.FileNotFoundException: https://github.com/EXXETA/correomqtt-pluginrepo/blob/master/default-repo.json
	at java.base/sun.net.www.protocol.http.HttpURLConnection.getInputStream0(HttpURLConnection.java:1976)
	at java.base/sun.net.www.protocol.http.HttpURLConnection.getInputStream(HttpURLConnection.java:1581)
	at java.base/sun.net.www.protocol.https.HttpsURLConnectionImpl.getInputStream(HttpsURLConnectionImpl.java:224)
	at java.base/java.net.URL.openStream(URL.java:1317)
	at com.fasterxml.jackson.core.TokenStreamFactory._optimizedStreamFromURL(TokenStreamFactory.java:262)
	at com.fasterxml.jackson.core.JsonFactory.createParser(JsonFactory.java:1115)
	at com.fasterxml.jackson.databind.ObjectMapper.readValue(ObjectMapper.java:3703)
	at org.correomqtt.core.plugin.repository.CorreoUpdateRepository.initPlugins(CorreoUpdateRepository.java:71)
	at org.correomqtt.core.plugin.repository.CorreoUpdateRepository.getPlugins(CorreoUpdateRepository.java:56)
	at org.pf4j.update.UpdateManager.getPluginsMap(UpdateManager.java:149)
	at org.pf4j.update.UpdateManager.hasPluginUpdate(UpdateManager.java:418)
	at org.pf4j.update.UpdateManager.getUpdates(UpdateManager.java:112)
	at org.correomqtt.gui.plugin.PluginLauncher.updateExisitingPlugins(PluginLauncher.java:123)
	at org.correomqtt.gui.plugin.PluginLauncher.updateSystem(PluginLauncher.java:54)
	at org.correomqtt.gui.plugin.PluginLauncher.start(PluginLauncher.java:40)
	at org.correomqtt.MainApplication.init(CorreoApp.java:128)
	at org.correomqtt.FxApplication.init(FxApplication.java:29)
	at javafx.graphics@22-ea/com.sun.javafx.application.LauncherImpl.launchApplication1(LauncherImpl.java:817)
	at javafx.graphics@22-ea/com.sun.javafx.application.LauncherImpl.lambda$launchApplication$2(LauncherImpl.java:196)
	at java.base/java.lang.Thread.run(Thread.java:1623)

21:40:49,891; INFO;mqtt.gui.plugin.PluginLauncher;JavaFX-Launcher;               ;Plugin Update: Updated(0), Installed(0), Uninstalled(0)
21:40:49,892; INFO;org.pf4j.AbstractPluginManager;JavaFX-Launcher;               ;Start plugin 'json-format-plugin@0.15.0'
21:40:49,894; INFO;org.pf4j.AbstractPluginManager;JavaFX-Launcher;               ;Start plugin 'xml-format-plugin@0.15.0'
21:40:49,894; INFO;org.pf4j.AbstractPluginManager;JavaFX-Launcher;               ;Start plugin 'save-manipulator-plugin@0.15.0'
21:40:49,895; INFO;org.pf4j.AbstractPluginManager;JavaFX-Launcher;               ;Start plugin 'base64-plugin@0.15.0'
21:40:49,895; INFO;org.pf4j.AbstractPluginManager;JavaFX-Launcher;               ;Start plugin 'advanced-validator-plugin@0.15.0'
21:40:49,895; INFO;org.pf4j.AbstractPluginManager;JavaFX-Launcher;               ;Start plugin 'contains-string-validator-plugin@0.15.0'
21:40:50,158; INFO;eomqtt.core.utils.VersionUtils;JavaFX-Launcher;               ;Version is up to date or newer! https://github.com/EXXETA/correomqtt/releases/latest
21:40:50,292; INFO;ns.transports.TransportBuilder;JavaFX-Launcher;               ;Using transport dbus-java-transport-native-unixsocket to connect to unix:path=/run/user/1000/bus
21:40:50,434; INFO;qtt.gui.keyring.KeyringManager;JavaFX-Launcher;               ;Configured keyring LibSecret found.
21:40:50,512; INFO;leprovider.SecretStoreProvider;JavaFX-Launcher;               ;Current password encryption is AES/GCM/NoPadding.
21:40:56,878;ERROR;leprovider.SecretStoreProvider;lication Thread;               ;Password must not be empty.
21:40:56,879;ERROR;qtt.gui.keyring.KeyringManager;lication Thread;               ;Error de/encrypt passwords. org.correomqtt.core.fileprovider.EncryptionRecoverableException: null
	at org.correomqtt.core.fileprovider.SecretStoreProvider.getEncryptor(SecretStoreProvider.java:94)
	at org.correomqtt.core.fileprovider.SecretStoreProvider.setPassword(SecretStoreProvider.java:58)
	at org.correomqtt.core.settings.SettingsManager.saveConnections(SettingsManager.java:149)
	at org.correomqtt.gui.views.connections.ConnectionViewController.lambda$saveConnectionUISettings$6(ConnectionViewController.java:304)
	at org.correomqtt.gui.keyring.KeyringManager.retryWithMasterPassword(KeyringManager.java:122)
	at org.correomqtt.gui.views.connections.ConnectionViewController.saveConnectionUISettings(ConnectionViewController.java:302)
	at org.correomqtt.gui.views.connections.ConnectionViewController.initialize(ConnectionViewController.java:156)
	at java.base/jdk.internal.reflect.DirectMethodHandleAccessor.invoke(DirectMethodHandleAccessor.java:104)
	at java.base/java.lang.reflect.Method.invoke(Method.java:578)
	at com.sun.javafx.reflect.Trampoline.invoke(MethodUtil.java:72)
	at java.base/jdk.internal.reflect.DirectMethodHandleAccessor.invoke(DirectMethodHandleAccessor.java:104)
	at java.base/java.lang.reflect.Method.invoke(Method.java:578)
	at javafx.base@22-ea/com.sun.javafx.reflect.MethodUtil.invoke(MethodUtil.java:270)
	at javafx.fxml@22-ea/com.sun.javafx.fxml.MethodHelper.invoke(MethodHelper.java:84)
	at javafx.fxml@22-ea/javafx.fxml.FXMLLoader.loadImpl(FXMLLoader.java:2693)
	at javafx.fxml@22-ea/javafx.fxml.FXMLLoader.loadImpl(FXMLLoader.java:2568)
	at javafx.fxml@22-ea/javafx.fxml.FXMLLoader.load(FXMLLoader.java:2536)
	at org.correomqtt.gui.views.base.BaseControllerImpl.load(BaseControllerImpl.java:68)
	at org.correomqtt.gui.views.connections.ConnectionViewController.load(ConnectionViewController.java:112)
	at org.correomqtt.gui.views.MainViewController.getConnectionViewControllerLoaderResult(MainViewController.java:263)
	at org.correomqtt.gui.views.MainViewController.onConnect(MainViewController.java:292)
	at org.correomqtt.gui.views.onboarding.ConnectionOnboardingViewController.connect(ConnectionOnboardingViewController.java:206)
	at org.correomqtt.gui.views.onboarding.ConnectionOnboardingViewController.onCellClicked(ConnectionOnboardingViewController.java:211)
	at org.correomqtt.gui.views.onboarding.ConnectionOnboardingViewController.lambda$createCell$2(ConnectionOnboardingViewController.java:117)
	at javafx.base@22-ea/com.sun.javafx.event.CompositeEventHandler.dispatchBubblingEvent(CompositeEventHandler.java:86)
	at javafx.base@22-ea/com.sun.javafx.event.EventHandlerManager.dispatchBubblingEvent(EventHandlerManager.java:232)
	at javafx.base@22-ea/com.sun.javafx.event.EventHandlerManager.dispatchBubblingEvent(EventHandlerManager.java:189)
	at javafx.base@22-ea/com.sun.javafx.event.CompositeEventDispatcher.dispatchBubblingEvent(CompositeEventDispatcher.java:59)
	at javafx.base@22-ea/com.sun.javafx.event.BasicEventDispatcher.dispatchEvent(BasicEventDispatcher.java:58)
	at javafx.base@22-ea/com.sun.javafx.event.EventDispatchChainImpl.dispatchEvent(EventDispatchChainImpl.java:114)
	at javafx.base@22-ea/com.sun.javafx.event.BasicEventDispatcher.dispatchEvent(BasicEventDispatcher.java:56)
	at javafx.base@22-ea/com.sun.javafx.event.EventDispatchChainImpl.dispatchEvent(EventDispatchChainImpl.java:114)
	at javafx.base@22-ea/com.sun.javafx.event.BasicEventDispatcher.dispatchEvent(BasicEventDispatcher.java:56)
	at javafx.base@22-ea/com.sun.javafx.event.EventDispatchChainImpl.dispatchEvent(EventDispatchChainImpl.java:114)
	at javafx.base@22-ea/com.sun.javafx.event.BasicEventDispatcher.dispatchEvent(BasicEventDispatcher.java:56)
	at javafx.base@22-ea/com.sun.javafx.event.EventDispatchChainImpl.dispatchEvent(EventDispatchChainImpl.java:114)
	at javafx.base@22-ea/com.sun.javafx.event.BasicEventDispatcher.dispatchEvent(BasicEventDispatcher.java:56)
	at javafx.base@22-ea/com.sun.javafx.event.EventDispatchChainImpl.dispatchEvent(EventDispatchChainImpl.java:114)
	at javafx.base@22-ea/com.sun.javafx.event.BasicEventDispatcher.dispatchEvent(BasicEventDispatcher.java:56)
	at javafx.base@22-ea/com.sun.javafx.event.EventDispatchChainImpl.dispatchEvent(EventDispatchChainImpl.java:114)
	at javafx.base@22-ea/com.sun.javafx.event.EventUtil.fireEventImpl(EventUtil.java:74)
	at javafx.base@22-ea/com.sun.javafx.event.EventUtil.fireEvent(EventUtil.java:54)
	at javafx.base@22-ea/javafx.event.Event.fireEvent(Event.java:198)
	at javafx.graphics@22-ea/javafx.scene.Scene$ClickGenerator.postProcess(Scene.java:3689)
	at javafx.graphics@22-ea/javafx.scene.Scene$MouseHandler.process(Scene.java:3994)
	at javafx.graphics@22-ea/javafx.scene.Scene.processMouseEvent(Scene.java:1891)
	at javafx.graphics@22-ea/javafx.scene.Scene$ScenePeerListener.mouseEvent(Scene.java:2709)
	at javafx.graphics@22-ea/com.sun.javafx.tk.quantum.GlassViewEventHandler$MouseEventNotification.run(GlassViewEventHandler.java:411)
	at javafx.graphics@22-ea/com.sun.javafx.tk.quantum.GlassViewEventHandler$MouseEventNotification.run(GlassViewEventHandler.java:301)
	at java.base/java.security.AccessController.doPrivileged(AccessController.java:400)
	at javafx.graphics@22-ea/com.sun.javafx.tk.quantum.GlassViewEventHandler.lambda$handleMouseEvent$2(GlassViewEventHandler.java:450)
	at javafx.graphics@22-ea/com.sun.javafx.tk.quantum.QuantumToolkit.runWithoutRenderLock(QuantumToolkit.java:424)
	at javafx.graphics@22-ea/com.sun.javafx.tk.quantum.GlassViewEventHandler.handleMouseEvent(GlassViewEventHandler.java:449)
	at javafx.graphics@22-ea/com.sun.glass.ui.View.handleMouseEvent(View.java:551)
	at javafx.graphics@22-ea/com.sun.glass.ui.View.notifyMouse(View.java:937)
	at javafx.graphics@22-ea/com.sun.glass.ui.gtk.GtkApplication._runLoop(Native Method)
	at javafx.graphics@22-ea/com.sun.glass.ui.gtk.GtkApplication.lambda$runLoop$10(GtkApplication.java:263)
	at java.base/java.lang.Thread.run(Thread.java:1623)

21:41:03,283; WARN;omqtt.core.concurrent.TaskImpl;lication Thread;               ;You executed class org.correomqtt.core.connection.ConnectTask without providing ExceptionListener. While unexpected Exceptions will be logged please consider adding custom error handling.
21:41:03,288; INFO;tt.core.mqtt.CorreoMqtt5Client;onPool-worker-1;      Localhost;Connection state changed to CONNECTING
21:41:03,291; INFO;tt.core.mqtt.CorreoMqtt5Client;onPool-worker-1;      Localhost;Connecting to Broker using MQTT v5.0
21:41:03,580; INFO;tt.core.mqtt.CorreoMqtt5Client;client.mqtt-1-1;      Localhost;Connection state changed to DISCONNECTING
21:41:03,580; INFO;tt.core.mqtt.CorreoMqtt5Client;client.mqtt-1-1;      Localhost;Disconnected by CLIENT. Connection to broker lost.
21:41:03,580; INFO;tt.core.mqtt.CorreoMqtt5Client;client.mqtt-1-1;      Localhost;Reconnecting to Broker 1/5
21:41:03,581; INFO;tt.core.mqtt.CorreoMqtt5Client;client.mqtt-1-1;      Localhost;Connection state changed to RECONNECTING
21:41:05,884; INFO;      org.correomqtt.MainApplication;lication Thread;               ;Main window closed. Initialize shutdown.
21:41:05,885; INFO;      org.correomqtt.MainApplication;lication Thread;               ;Saving global UI settings.
21:41:05,898; INFO;      org.correomqtt.MainApplication;lication Thread;               ;Saving connection UI settings.
21:41:05,909;ERROR;leprovider.SecretStoreProvider;lication Thread;               ;Password must not be empty.
21:41:05,909;ERROR;qtt.gui.keyring.KeyringManager;lication Thread;               ;Error de/encrypt passwords. org.correomqtt.core.fileprovider.EncryptionRecoverableException: null
	at org.correomqtt.core.fileprovider.SecretStoreProvider.getEncryptor(SecretStoreProvider.java:94)
	at org.correomqtt.core.fileprovider.SecretStoreProvider.setPassword(SecretStoreProvider.java:58)
	at org.correomqtt.core.settings.SettingsManager.saveConnections(SettingsManager.java:149)
	at org.correomqtt.gui.views.connections.ConnectionViewController.lambda$saveConnectionUISettings$6(ConnectionViewController.java:304)
	at org.correomqtt.gui.keyring.KeyringManager.retryWithMasterPassword(KeyringManager.java:122)
	at org.correomqtt.gui.views.connections.ConnectionViewController.saveConnectionUISettings(ConnectionViewController.java:302)
	at org.correomqtt.MainApplication.lambda$saveConnectionUISettings$3(CorreoApp.java:298)
	at java.base/java.lang.Iterable.forEach(Iterable.java:75)
	at org.correomqtt.MainApplication.saveConnectionUISettings(CorreoApp.java:296)
	at org.correomqtt.MainApplication.onShutdownRequested(CorreoApp.java:260)
	at org.correomqtt.MainApplication.lambda$loadPrimaryStage$1(CorreoApp.java:188)
	at javafx.base@22-ea/com.sun.javafx.event.CompositeEventHandler.dispatchBubblingEvent(CompositeEventHandler.java:86)
	at javafx.base@22-ea/com.sun.javafx.event.EventHandlerManager.dispatchBubblingEvent(EventHandlerManager.java:232)
	at javafx.base@22-ea/com.sun.javafx.event.EventHandlerManager.dispatchBubblingEvent(EventHandlerManager.java:189)
	at javafx.base@22-ea/com.sun.javafx.event.CompositeEventDispatcher.dispatchBubblingEvent(CompositeEventDispatcher.java:59)
	at javafx.base@22-ea/com.sun.javafx.event.BasicEventDispatcher.dispatchEvent(BasicEventDispatcher.java:58)
	at javafx.base@22-ea/com.sun.javafx.event.EventDispatchChainImpl.dispatchEvent(EventDispatchChainImpl.java:114)
	at javafx.base@22-ea/com.sun.javafx.event.EventUtil.fireEventImpl(EventUtil.java:74)
	at javafx.base@22-ea/com.sun.javafx.event.EventUtil.fireEvent(EventUtil.java:54)
	at javafx.base@22-ea/javafx.event.Event.fireEvent(Event.java:198)
	at javafx.graphics@22-ea/com.sun.javafx.stage.WindowPeerListener.closing(WindowPeerListener.java:100)
	at javafx.graphics@22-ea/com.sun.javafx.tk.quantum.GlassWindowEventHandler.run(GlassWindowEventHandler.java:147)
	at javafx.graphics@22-ea/com.sun.javafx.tk.quantum.GlassWindowEventHandler.run(GlassWindowEventHandler.java:40)
	at java.base/java.security.AccessController.doPrivileged(AccessController.java:400)
	at javafx.graphics@22-ea/com.sun.javafx.tk.quantum.GlassWindowEventHandler.lambda$handleWindowEvent$4(GlassWindowEventHandler.java:178)
	at javafx.graphics@22-ea/com.sun.javafx.tk.quantum.QuantumToolkit.runWithoutRenderLock(QuantumToolkit.java:424)
	at javafx.graphics@22-ea/com.sun.javafx.tk.quantum.GlassWindowEventHandler.handleWindowEvent(GlassWindowEventHandler.java:176)
	at javafx.graphics@22-ea/com.sun.glass.ui.Window.handleWindowEvent(Window.java:1259)
	at javafx.graphics@22-ea/com.sun.glass.ui.Window.notifyClose(Window.java:1164)
	at javafx.graphics@22-ea/com.sun.glass.ui.gtk.GtkApplication._runLoop(Native Method)
	at javafx.graphics@22-ea/com.sun.glass.ui.gtk.GtkApplication.lambda$runLoop$10(GtkApplication.java:263)
	at java.base/java.lang.Thread.run(Thread.java:1623)

21:41:06,586; INFO;tt.core.mqtt.CorreoMqtt5Client;client.mqtt-1-1;      Localhost;Connection state changed to DISCONNECTING
21:41:06,587; INFO;tt.core.mqtt.CorreoMqtt5Client;client.mqtt-1-1;      Localhost;Disconnected by CLIENT. Connection to broker lost.
21:41:06,588; INFO;tt.core.mqtt.CorreoMqtt5Client;client.mqtt-1-1;      Localhost;Reconnecting to Broker 2/5
21:41:06,589; INFO;tt.core.mqtt.CorreoMqtt5Client;client.mqtt-1-1;      Localhost;Connection state changed to RECONNECTING
21:41:07,528; INFO;      org.correomqtt.MainApplication;lication Thread;               ;Shutting down connections.
21:41:07,529; INFO;      org.correomqtt.MainApplication;lication Thread;               ;Shutting down plugins.
21:41:07,530; INFO;org.pf4j.AbstractPluginManager;lication Thread;               ;Stop plugin 'contains-string-validator-plugin@0.15.0'
21:41:07,530; INFO;org.pf4j.AbstractPluginManager;lication Thread;               ;Stop plugin 'advanced-validator-plugin@0.15.0'
21:41:07,530; INFO;org.pf4j.AbstractPluginManager;lication Thread;               ;Stop plugin 'base64-plugin@0.15.0'
21:41:07,530; INFO;org.pf4j.AbstractPluginManager;lication Thread;               ;Stop plugin 'save-manipulator-plugin@0.15.0'
21:41:07,530; INFO;org.pf4j.AbstractPluginManager;lication Thread;               ;Stop plugin 'xml-format-plugin@0.15.0'
21:41:07,530; INFO;org.pf4j.AbstractPluginManager;lication Thread;               ;Stop plugin 'json-format-plugin@0.15.0'
21:41:07,530; INFO;      org.correomqtt.MainApplication;lication Thread;               ;Shutting down application. Bye.
